<?xml version="1.0" encoding="UTF-8"?>
<testsuite xmlns:xsi="http://www.w3.org/2001/XMLSchema-instance" xsi:noNamespaceSchemaLocation="https://maven.apache.org/surefire/maven-surefire-plugin/xsd/surefire-test-report.xsd" name="com.ads.project1.authentication.AuthenticationControllerTest" time="2.15" tests="4" errors="0" skipped="0" failures="0">
  <properties>
[...]
</properties>
  <testcase name="autheticateUser" classname="com.ads.project1.authentication.AuthenticationControllerTest" time="0.506"/>
  <testcase name="signup" classname="com.ads.project1.authentication.AuthenticationControllerTest" time="0.021"/>
  <testcase name="forgotpassword" classname="com.ads.project1.authentication.AuthenticationControllerTest" time="0.014"/>
  <testcase name="updatepassword" classname="com.ads.project1.authentication.AuthenticationControllerTest" time="0.015"/>
</testsuite>